nohup: ignoring input
Loading data...
Preprocessing reviews...

  0%|          | 0/1017953 [00:00<?, ?it/s]
  0%|          | 2/1017953 [00:02<385:30:53,  1.36s/it]
  0%|          | 1530/1017953 [00:02<22:14, 761.37it/s]
  0%|          | 4505/1017953 [00:02<06:17, 2686.06it/s]
  1%|          | 7248/1017953 [00:03<03:29, 4829.41it/s]
  1%|          | 9448/1017953 [00:03<02:30, 6711.05it/s]
  1%|▏         | 13096/1017953 [00:03<01:33, 10750.89it/s]
  2%|▏         | 15781/1017953 [00:03<01:19, 12647.94it/s]
  2%|▏         | 21801/1017953 [00:03<00:46, 21208.86it/s]
  2%|▏         | 25393/1017953 [00:03<01:00, 16521.70it/s]
  3%|▎         | 28205/1017953 [00:03<00:58, 16843.42it/s]
  3%|▎         | 30700/1017953 [00:04<00:55, 17910.35it/s]
  3%|▎         | 33254/1017953 [00:04<00:50, 19431.87it/s]
  4%|▎         | 36049/1017953 [00:04<00:46, 21320.97it/s]
  4%|▍         | 39316/1017953 [00:04<00:40, 24051.72it/s]
  4%|▍         | 42955/1017953 [00:04<00:35, 27206.66it/s]
  5%|▍         | 47210/1017953 [00:04<00:31, 31311.67it/s]
  5%|▍         | 50612/1017953 [00:04<00:30, 32040.43it/s]
  5%|▌         | 54012/1017953 [00:04<00:34, 28088.48it/s]
  6%|▌         | 59382/1017953 [00:04<00:27, 34703.93it/s]
  6%|▌         | 63115/1017953 [00:05<00:32, 29304.17it/s]
  7%|▋         | 66359/1017953 [00:05<00:32, 29172.90it/s]
  7%|▋         | 71366/1017953 [00:05<00:27, 34416.90it/s]
  7%|▋         | 75932/1017953 [00:05<00:25, 37374.03it/s]
  8%|▊         | 79889/1017953 [00:05<00:25, 36419.88it/s]
  8%|▊         | 83686/1017953 [00:05<00:31, 29521.18it/s]
  9%|▊         | 87238/1017953 [00:05<00:30, 30946.19it/s]
  9%|▉         | 90581/1017953 [00:06<00:36, 25116.42it/s]
  9%|▉         | 93420/1017953 [00:06<00:39, 23350.22it/s]
  9%|▉         | 95983/1017953 [00:06<00:49, 18617.19it/s]
 10%|▉         | 98118/1017953 [00:06<00:50, 18150.31it/s]
 10%|▉         | 100134/1017953 [00:06<00:49, 18577.22it/s]
 10%|█         | 102400/1017953 [00:06<00:46, 19527.69it/s]
 10%|█         | 105167/1017953 [00:06<00:42, 21560.15it/s]
 11%|█         | 108502/1017953 [00:06<00:36, 24660.56it/s]
 11%|█         | 112518/1017953 [00:07<00:31, 28893.49it/s]
 12%|█▏        | 117527/1017953 [00:07<00:25, 34841.69it/s]
 12%|█▏        | 121632/1017953 [00:07<00:24, 36616.75it/s]
 12%|█▏        | 125398/1017953 [00:07<00:26, 33537.48it/s]
 13%|█▎        | 128873/1017953 [00:07<00:40, 22106.98it/s]
 13%|█▎        | 134072/1017953 [00:07<00:31, 28179.94it/s]
 14%|█▎        | 137841/1017953 [00:07<00:29, 30316.33it/s]
 14%|█▍        | 141700/1017953 [00:07<00:27, 32325.25it/s]
 14%|█▍        | 145369/1017953 [00:08<00:29, 29451.00it/s]
 15%|█▍        | 148658/1017953 [00:08<00:29, 29307.72it/s]
 15%|█▍        | 151828/1017953 [00:08<00:31, 27399.85it/s]
 15%|█▌        | 154745/1017953 [00:08<00:33, 25445.65it/s]
 16%|█▌        | 159285/1017953 [00:08<00:28, 30333.46it/s]
 16%|█▌        | 162521/1017953 [00:08<00:30, 27740.77it/s]
 16%|█▋        | 166927/1017953 [00:08<00:26, 31810.96it/s]
 17%|█▋        | 170307/1017953 [00:09<00:31, 26616.06it/s]
 17%|█▋        | 173979/1017953 [00:09<00:29, 29001.86it/s]
 18%|█▊        | 180780/1017953 [00:09<00:21, 38842.87it/s]
 18%|█▊        | 185025/1017953 [00:09<00:26, 30887.83it/s]
 19%|█▊        | 188606/1017953 [00:09<00:31, 26316.51it/s]
 19%|█▉        | 191663/1017953 [00:09<00:43, 19037.86it/s]
 19%|█▉        | 194105/1017953 [00:10<00:45, 18014.63it/s]
 19%|█▉        | 196265/1017953 [00:10<00:45, 18218.80it/s]
 20%|█▉        | 198532/1017953 [00:10<00:42, 19122.21it/s]
 20%|█▉        | 201213/1017953 [00:10<00:39, 20850.80it/s]
 20%|██        | 204428/1017953 [00:10<00:34, 23598.24it/s]
 20%|██        | 208448/1017953 [00:10<00:29, 27878.11it/s]
 21%|██        | 213299/1017953 [00:10<00:24, 33431.65it/s]
 21%|██▏       | 216860/1017953 [00:10<00:24, 32444.29it/s]
 22%|██▏       | 222245/1017953 [00:10<00:20, 38318.04it/s]
 22%|██▏       | 226241/1017953 [00:11<00:21, 37479.41it/s]
 23%|██▎       | 230106/1017953 [00:11<00:25, 30893.28it/s]
 23%|██▎       | 233456/1017953 [00:11<00:27, 28031.47it/s]
 23%|██▎       | 236976/1017953 [00:11<00:26, 29737.95it/s]
 24%|██▍       | 242269/1017953 [00:11<00:21, 35626.03it/s]
 25%|██▍       | 250285/1017953 [00:11<00:16, 47477.65it/s]
 25%|██▌       | 255351/1017953 [00:11<00:20, 36682.32it/s]
 26%|██▌       | 259603/1017953 [00:11<00:20, 37728.39it/s]
 26%|██▌       | 263813/1017953 [00:12<00:20, 36691.87it/s]
 26%|██▋       | 267824/1017953 [00:12<00:19, 37542.91it/s]
 27%|██▋       | 271807/1017953 [00:12<00:32, 22805.52it/s]
 27%|██▋       | 274931/1017953 [00:12<00:31, 23334.80it/s]
 27%|██▋       | 278358/1017953 [00:12<00:28, 25526.92it/s]
 28%|██▊       | 281447/1017953 [00:12<00:30, 24000.20it/s]
 28%|██▊       | 284324/1017953 [00:13<00:29, 25059.05it/s]
 29%|██▊       | 290343/1017953 [00:13<00:21, 33518.74it/s]
 29%|██▉       | 294112/1017953 [00:13<00:23, 30379.38it/s]
 29%|██▉       | 297484/1017953 [00:13<00:25, 28242.10it/s]
 30%|██▉       | 300553/1017953 [00:13<00:25, 28569.39it/s]
 30%|██▉       | 304508/1017953 [00:13<00:22, 31346.63it/s]
 30%|███       | 307819/1017953 [00:13<00:24, 28483.58it/s]
 31%|███       | 311820/1017953 [00:13<00:22, 31403.82it/s]
 31%|███       | 315125/1017953 [00:14<00:24, 28843.92it/s]
 31%|███▏      | 318152/1017953 [00:14<00:24, 28939.35it/s]
 32%|███▏      | 321147/1017953 [00:14<00:24, 28850.34it/s]
 32%|███▏      | 324698/1017953 [00:14<00:22, 30667.35it/s]
 32%|███▏      | 327935/1017953 [00:14<00:22, 31144.06it/s]
 33%|███▎      | 331100/1017953 [00:14<00:23, 29827.64it/s]
 33%|███▎      | 334126/1017953 [00:14<00:24, 28015.91it/s]
 33%|███▎      | 336973/1017953 [00:14<00:31, 21822.86it/s]
 33%|███▎      | 339567/1017953 [00:14<00:29, 22776.60it/s]
 34%|███▎      | 342030/1017953 [00:15<00:29, 23152.07it/s]
 34%|███▍      | 345844/1017953 [00:15<00:24, 27068.73it/s]
 34%|███▍      | 348827/1017953 [00:15<00:24, 27819.42it/s]
 35%|███▍      | 351724/1017953 [00:15<00:23, 28001.21it/s]
 35%|███▍      | 354606/1017953 [00:15<00:23, 27699.00it/s]
 35%|███▌      | 358378/1017953 [00:15<00:21, 30555.33it/s]
 36%|███▌      | 361489/1017953 [00:15<00:23, 28443.16it/s]
 36%|███▌      | 365152/1017953 [00:15<00:21, 30709.68it/s]
 36%|███▋      | 369127/1017953 [00:15<00:19, 33270.03it/s]
 37%|███▋      | 372514/1017953 [00:16<00:19, 32655.79it/s]
 37%|███▋      | 375823/1017953 [00:16<00:21, 29839.57it/s]
 37%|███▋      | 378878/1017953 [00:16<00:22, 28905.56it/s]
 38%|███▊      | 381818/1017953 [00:16<00:22, 28690.66it/s]
 38%|███▊      | 384795/1017953 [00:16<00:21, 28989.64it/s]
 38%|███▊      | 388057/1017953 [00:16<00:20, 30013.81it/s]
 38%|███▊      | 391083/1017953 [00:16<00:23, 26843.84it/s]
 39%|███▊      | 393841/1017953 [00:16<00:23, 26315.54it/s]
 39%|███▉      | 398805/1017953 [00:16<00:18, 32659.37it/s]
 40%|███▉      | 402171/1017953 [00:17<00:20, 30100.51it/s]
 40%|███▉      | 405283/1017953 [00:17<00:20, 30133.82it/s]
 40%|████      | 408590/1017953 [00:17<00:19, 30939.67it/s]
 40%|████      | 411742/1017953 [00:17<00:20, 29602.76it/s]
 41%|████      | 416790/1017953 [00:17<00:16, 35387.58it/s]
 41%|████▏     | 420410/1017953 [00:17<00:18, 31507.89it/s]
 42%|████▏     | 423688/1017953 [00:17<00:18, 31319.14it/s]
 42%|████▏     | 426907/1017953 [00:17<00:20, 28542.49it/s]
 42%|████▏     | 429855/1017953 [00:18<00:24, 24253.02it/s]
 42%|████▏     | 432433/1017953 [00:18<00:24, 23525.67it/s]
 43%|████▎     | 435730/1017953 [00:18<00:22, 25837.86it/s]
 43%|████▎     | 441190/1017953 [00:18<00:17, 33289.97it/s]
 44%|████▎     | 444721/1017953 [00:18<00:32, 17789.45it/s]
 44%|████▍     | 447437/1017953 [00:18<00:29, 19029.56it/s]
 44%|████▍     | 450471/1017953 [00:19<00:26, 21193.74it/s]
 45%|████▍     | 453228/1017953 [00:19<00:25, 22076.18it/s]
 45%|████▍     | 455908/1017953 [00:19<00:25, 22312.18it/s]
 45%|████▌     | 459322/1017953 [00:19<00:22, 25163.37it/s]
 45%|████▌     | 462142/1017953 [00:19<00:23, 23677.82it/s]
 46%|████▌     | 466624/1017953 [00:19<00:19, 28970.10it/s]
 46%|████▌     | 469782/1017953 [00:19<00:18, 29307.99it/s]
 46%|████▋     | 472899/1017953 [00:19<00:19, 28658.96it/s]
 47%|████▋     | 476144/1017953 [00:19<00:18, 29673.54it/s]
 47%|████▋     | 479993/1017953 [00:19<00:16, 32130.04it/s]
 47%|████▋     | 483296/1017953 [00:20<00:17, 30313.36it/s]
 48%|████▊     | 486407/1017953 [00:20<00:19, 27940.64it/s]
 48%|████▊     | 489592/1017953 [00:20<00:18, 28976.26it/s]
 48%|████▊     | 492561/1017953 [00:20<00:18, 28922.52it/s]
 49%|████▊     | 495503/1017953 [00:20<00:17, 29054.01it/s]
 49%|████▉     | 499333/1017953 [00:20<00:16, 31689.12it/s]
 49%|████▉     | 502540/1017953 [00:20<00:17, 30072.23it/s]
 50%|████▉     | 505614/1017953 [00:20<00:16, 30259.32it/s]
 50%|████▉     | 508670/1017953 [00:20<00:17, 29429.60it/s]
 50%|█████     | 511636/1017953 [00:21<00:19, 26398.00it/s]
 51%|█████     | 515210/1017953 [00:21<00:17, 28883.95it/s]
 51%|█████     | 518287/1017953 [00:21<00:16, 29399.21it/s]
 51%|█████     | 521286/1017953 [00:21<00:17, 28468.37it/s]
 52%|█████▏    | 524670/1017953 [00:21<00:16, 29969.14it/s]
 52%|█████▏    | 527930/1017953 [00:21<00:15, 30720.17it/s]
 52%|█████▏    | 531333/1017953 [00:21<00:15, 31677.99it/s]
 53%|█████▎    | 534528/1017953 [00:21<00:16, 29113.76it/s]
 53%|█████▎    | 537823/1017953 [00:21<00:15, 30173.33it/s]
 53%|█████▎    | 540889/1017953 [00:22<00:17, 27689.41it/s]
 54%|█████▎    | 544908/1017953 [00:22<00:15, 31065.11it/s]
 54%|█████▍    | 549007/1017953 [00:22<00:13, 33828.58it/s]
 54%|█████▍    | 552470/1017953 [00:22<00:15, 30681.51it/s]
 55%|█████▍    | 555644/1017953 [00:22<00:15, 29230.99it/s]
 55%|█████▍    | 558645/1017953 [00:22<00:17, 25981.06it/s]
 55%|█████▌    | 562503/1017953 [00:22<00:15, 29139.23it/s]
 56%|█████▌    | 565551/1017953 [00:22<00:15, 28655.90it/s]
 56%|█████▌    | 568508/1017953 [00:23<00:15, 28545.01it/s]
 56%|█████▌    | 571920/1017953 [00:23<00:14, 30071.85it/s]
 56%|█████▋    | 574986/1017953 [00:23<00:18, 24479.81it/s]
 57%|█████▋    | 577633/1017953 [00:23<00:17, 24823.32it/s]
 57%|█████▋    | 582002/1017953 [00:23<00:14, 29702.72it/s]
 57%|█████▋    | 585153/1017953 [00:23<00:14, 29833.66it/s]
 58%|█████▊    | 588740/1017953 [00:23<00:13, 31494.22it/s]
 58%|█████▊    | 593182/1017953 [00:23<00:12, 35147.17it/s]
 59%|█████▊    | 596867/1017953 [00:23<00:11, 35632.51it/s]
 59%|█████▉    | 600499/1017953 [00:24<00:13, 31848.81it/s]
 59%|█████▉    | 603874/1017953 [00:24<00:12, 32357.82it/s]
 60%|█████▉    | 607200/1017953 [00:24<00:15, 27361.83it/s]
 60%|█████▉    | 610299/1017953 [00:24<00:14, 28268.88it/s]
 60%|██████    | 613272/1017953 [00:24<00:14, 27647.92it/s]
 61%|██████    | 616137/1017953 [00:24<00:14, 27437.68it/s]
 61%|██████    | 619502/1017953 [00:24<00:13, 29124.96it/s]
 61%|██████    | 622480/1017953 [00:24<00:13, 28372.77it/s]
 61%|██████▏   | 625364/1017953 [00:24<00:14, 27017.63it/s]
 62%|██████▏   | 628106/1017953 [00:25<00:14, 26390.26it/s]
 62%|██████▏   | 631313/1017953 [00:25<00:13, 27956.30it/s]
 62%|██████▏   | 634141/1017953 [00:25<00:15, 25535.35it/s]
 63%|██████▎   | 637583/1017953 [00:25<00:13, 27921.91it/s]
 63%|██████▎   | 640442/1017953 [00:25<00:14, 26892.04it/s]
 63%|██████▎   | 644254/1017953 [00:25<00:12, 29977.69it/s]
 64%|██████▎   | 647315/1017953 [00:25<00:12, 28725.02it/s]
 64%|██████▍   | 650238/1017953 [00:25<00:14, 25778.49it/s]
 64%|██████▍   | 654740/1017953 [00:26<00:11, 30805.31it/s]
 65%|██████▍   | 658425/1017953 [00:26<00:11, 32439.56it/s]
 65%|██████▌   | 661980/1017953 [00:26<00:10, 33308.64it/s]
 65%|██████▌   | 665393/1017953 [00:26<00:11, 30607.16it/s]
 66%|██████▌   | 668549/1017953 [00:26<00:25, 13893.41it/s]
 66%|██████▌   | 671598/1017953 [00:26<00:21, 16356.24it/s]
 66%|██████▌   | 674179/1017953 [00:27<00:19, 17492.81it/s]
 67%|██████▋   | 677143/1017953 [00:27<00:17, 19865.19it/s]
 67%|██████▋   | 679761/1017953 [00:27<00:16, 20851.82it/s]
 67%|██████▋   | 682993/1017953 [00:27<00:14, 23532.64it/s]
 67%|██████▋   | 685751/1017953 [00:27<00:13, 23813.05it/s]
 68%|██████▊   | 688850/1017953 [00:27<00:12, 25660.85it/s]
 68%|██████▊   | 692204/1017953 [00:27<00:11, 27781.55it/s]
 68%|██████▊   | 695168/1017953 [00:27<00:12, 25897.46it/s]
 69%|██████▊   | 698098/1017953 [00:27<00:11, 26802.36it/s]
 69%|██████▉   | 701961/1017953 [00:28<00:10, 30062.25it/s]
 69%|██████▉   | 705079/1017953 [00:28<00:11, 27504.20it/s]
 70%|██████▉   | 708448/1017953 [00:28<00:10, 29157.06it/s]
 70%|██████▉   | 711609/1017953 [00:28<00:10, 29832.13it/s]
 70%|███████   | 714668/1017953 [00:28<00:10, 28642.81it/s]
 70%|███████   | 717592/1017953 [00:28<00:10, 28763.46it/s]
 71%|███████   | 720980/1017953 [00:28<00:09, 30215.90it/s]
 71%|███████   | 724040/1017953 [00:28<00:10, 28035.72it/s]
 71%|███████▏  | 726898/1017953 [00:28<00:10, 27580.98it/s]
 72%|███████▏  | 730357/1017953 [00:29<00:09, 29532.18it/s]
 72%|███████▏  | 733352/1017953 [00:29<00:09, 29648.70it/s]
 72%|███████▏  | 736346/1017953 [00:29<00:10, 27707.72it/s]
 73%|███████▎  | 739682/1017953 [00:29<00:09, 29277.66it/s]
 73%|███████▎  | 742652/1017953 [00:29<00:09, 28281.20it/s]
 73%|███████▎  | 745513/1017953 [00:29<00:09, 28273.61it/s]
 74%|███████▎  | 748527/1017953 [00:29<00:09, 28805.80it/s]
 74%|███████▍  | 751427/1017953 [00:29<00:09, 27353.86it/s]
 74%|███████▍  | 754331/1017953 [00:29<00:09, 27827.93it/s]
 74%|███████▍  | 757135/1017953 [00:30<00:09, 27282.64it/s]
 75%|███████▍  | 759879/1017953 [00:30<00:11, 23256.78it/s]
 75%|███████▌  | 763870/1017953 [00:30<00:09, 27553.65it/s]
 75%|███████▌  | 767084/1017953 [00:30<00:08, 28783.93it/s]
 76%|███████▌  | 770082/1017953 [00:30<00:08, 29116.04it/s]
 76%|███████▌  | 773077/1017953 [00:30<00:08, 29085.28it/s]
 76%|███████▋  | 776337/1017953 [00:30<00:08, 30092.25it/s]
 77%|███████▋  | 779997/1017953 [00:30<00:07, 31981.51it/s]
 77%|███████▋  | 783233/1017953 [00:30<00:07, 30592.49it/s]
 77%|███████▋  | 786330/1017953 [00:31<00:08, 27954.79it/s]
 78%|███████▊  | 789190/1017953 [00:31<00:08, 27141.55it/s]
 78%|███████▊  | 791948/1017953 [00:31<00:08, 27062.54it/s]
 78%|███████▊  | 794805/1017953 [00:31<00:08, 27480.37it/s]
 78%|███████▊  | 797578/1017953 [00:31<00:08, 27203.30it/s]
 79%|███████▊  | 800588/1017953 [00:31<00:07, 28031.72it/s]
 79%|███████▉  | 803781/1017953 [00:31<00:07, 29163.26it/s]
 79%|███████▉  | 806712/1017953 [00:31<00:07, 28040.50it/s]
 80%|███████▉  | 809828/1017953 [00:31<00:07, 28933.80it/s]
 80%|███████▉  | 812738/1017953 [00:31<00:07, 28088.22it/s]
 80%|████████  | 815562/1017953 [00:32<00:07, 27940.56it/s]
 80%|████████  | 818633/1017953 [00:32<00:06, 28741.70it/s]
 81%|████████  | 821518/1017953 [00:32<00:07, 26469.68it/s]
 81%|████████  | 824668/1017953 [00:32<00:06, 27852.28it/s]
 81%|████████▏ | 827492/1017953 [00:32<00:06, 27640.59it/s]
 82%|████████▏ | 831054/1017953 [00:32<00:06, 29923.36it/s]
 82%|████████▏ | 834076/1017953 [00:32<00:06, 27525.87it/s]
 82%|████████▏ | 836898/1017953 [00:32<00:06, 27709.09it/s]
 82%|████████▏ | 839709/1017953 [00:32<00:06, 27428.26it/s]
 83%|████████▎ | 842780/1017953 [00:33<00:06, 28360.08it/s]
 83%|████████▎ | 846429/1017953 [00:33<00:05, 30707.07it/s]
 83%|████████▎ | 849526/1017953 [00:33<00:05, 28345.31it/s]
 84%|████████▎ | 852412/1017953 [00:33<00:05, 28421.73it/s]
 84%|████████▍ | 855291/1017953 [00:33<00:06, 26062.02it/s]
 84%|████████▍ | 857954/1017953 [00:33<00:06, 24908.69it/s]
 85%|████████▍ | 860583/1017953 [00:33<00:06, 25277.92it/s]
 85%|████████▍ | 863361/1017953 [00:33<00:05, 25970.86it/s]
 85%|████████▌ | 865988/1017953 [00:33<00:05, 25927.05it/s]
 85%|████████▌ | 869202/1017953 [00:34<00:05, 27711.34it/s]
 86%|████████▌ | 871996/1017953 [00:34<00:05, 27563.39it/s]
 86%|████████▌ | 874768/1017953 [00:34<00:05, 27257.72it/s]
 86%|████████▌ | 877505/1017953 [00:34<00:05, 26195.25it/s]
 86%|████████▋ | 880376/1017953 [00:34<00:05, 26913.02it/s]
 87%|████████▋ | 883964/1017953 [00:34<00:04, 29509.82it/s]
 87%|████████▋ | 886934/1017953 [00:34<00:04, 28430.26it/s]
 87%|████████▋ | 890175/1017953 [00:34<00:04, 29571.61it/s]
 88%|████████▊ | 893208/1017953 [00:34<00:04, 29792.04it/s]
 88%|████████▊ | 896515/1017953 [00:34<00:03, 30752.48it/s]
 88%|████████▊ | 899603/1017953 [00:35<00:04, 29439.08it/s]
 89%|████████▊ | 902566/1017953 [00:35<00:03, 28881.48it/s]
 89%|████████▉ | 905468/1017953 [00:35<00:03, 28386.88it/s]
 89%|████████▉ | 908317/1017953 [00:35<00:04, 23826.63it/s]
 90%|████████▉ | 912018/1017953 [00:35<00:03, 27197.52it/s]
 90%|████████▉ | 914882/1017953 [00:35<00:03, 27265.49it/s]
 90%|█████████ | 917950/1017953 [00:35<00:03, 28200.28it/s]
 90%|█████████ | 920850/1017953 [00:35<00:03, 27959.84it/s]
 91%|█████████ | 923702/1017953 [00:35<00:03, 27920.06it/s]
 91%|█████████ | 926533/1017953 [00:36<00:03, 27917.44it/s]
 91%|█████████▏| 929352/1017953 [00:36<00:03, 27000.53it/s]
 92%|█████████▏| 932076/1017953 [00:36<00:03, 26768.74it/s]
 92%|█████████▏| 934891/1017953 [00:36<00:03, 27148.46it/s]
 92%|█████████▏| 937619/1017953 [00:36<00:03, 21138.07it/s]
 92%|█████████▏| 941207/1017953 [00:36<00:03, 24737.50it/s]
 93%|█████████▎| 943909/1017953 [00:37<00:09, 7783.94it/s] 
 93%|█████████▎| 945884/1017953 [00:37<00:08, 8141.89it/s]
 93%|█████████▎| 947557/1017953 [00:38<00:08, 8659.12it/s]
 93%|█████████▎| 949068/1017953 [00:38<00:07, 9282.27it/s]
 93%|█████████▎| 950503/1017953 [00:38<00:06, 9924.80it/s]
 94%|█████████▎| 951980/1017953 [00:38<00:06, 10809.24it/s]
 94%|█████████▎| 953526/1017953 [00:38<00:05, 11771.65it/s]
 94%|█████████▍| 955200/1017953 [00:38<00:04, 12905.11it/s]
 94%|█████████▍| 956977/1017953 [00:38<00:04, 14099.00it/s]
 94%|█████████▍| 958833/1017953 [00:38<00:03, 15256.43it/s]
 94%|█████████▍| 960897/1017953 [00:38<00:03, 16712.75it/s]
 95%|█████████▍| 963137/1017953 [00:38<00:02, 18296.44it/s]
 95%|█████████▍| 965537/1017953 [00:39<00:02, 19919.37it/s]
 95%|█████████▌| 968058/1017953 [00:39<00:02, 21449.51it/s]
 95%|█████████▌| 970262/1017953 [00:39<00:02, 18523.82it/s]
 96%|█████████▌| 972820/1017953 [00:39<00:02, 20382.93it/s]
 96%|█████████▌| 974962/1017953 [00:39<00:02, 16835.91it/s]
 96%|█████████▌| 976812/1017953 [00:39<00:02, 16196.65it/s]
 96%|█████████▌| 979010/1017953 [00:39<00:02, 17611.57it/s]
 96%|█████████▋| 982038/1017953 [00:39<00:01, 20892.88it/s]
 97%|█████████▋| 986797/1017953 [00:40<00:01, 28103.66it/s]
 97%|█████████▋| 989951/1017953 [00:40<00:00, 29054.33it/s]
 98%|█████████▊| 993317/1017953 [00:40<00:00, 30364.57it/s]
 98%|█████████▊| 996450/1017953 [00:40<00:00, 22767.81it/s]
 98%|█████████▊| 999071/1017953 [00:40<00:00, 23512.62it/s]
 98%|█████████▊| 1002563/1017953 [00:40<00:00, 26369.89it/s]
 99%|█████████▉| 1007605/1017953 [00:40<00:00, 32709.15it/s]
100%|█████████▉| 1015490/1017953 [00:40<00:00, 45331.20it/s]
100%|██████████| 1017953/1017953 [00:40<00:00, 24873.82it/s]Training LDA model...

Discovered Topics:
(0, '0.032*"well" + 0.022*"understand" + 0.019*"easy" + 0.017*"recommend" + 0.017*"excellent" + 0.015*"really" + 0.014*"knowledge" + 0.012*"introduction" + 0.011*"interesting" + 0.011*"way"')
(1, '0.054*"thank" + 0.053*"lot" + 0.043*"really" + 0.035*"learned" + 0.035*"much" + 0.030*"thanks" + 0.025*"amazing" + 0.016*"professor" + 0.014*"teaching" + 0.014*"life"')
(2, '0.030*"time" + 0.021*"would" + 0.015*"could" + 0.013*"like" + 0.012*"one" + 0.010*"week" + 0.010*"better" + 0.010*"think" + 0.009*"also" + 0.009*"much"')
(3, '0.017*"practice" + 0.017*"forward" + 0.014*"looking" + 0.013*"hard" + 0.013*"next" + 0.012*"already" + 0.012*"lot" + 0.011*"bit" + 0.011*"really" + 0.011*"know"')
(4, '0.224*"learning" + 0.124*"machine" + 0.065*"best" + 0.041*"one" + 0.025*"experience" + 0.021*"start" + 0.020*"ever" + 0.015*"deep" + 0.014*"taken" + 0.013*"step"')

Coherence Score: 0.5918

All reviews with topic assignments saved to ../datasets/coursera_reviews_with_topic_names.csv
Sample of saved data:
                                   processed_reviews  Topic topic_name
0  pretty dry able pass two complete happy usual ...      2         SE
1  would better experience video screen would sho...      2         SE

Selecting reviews with confidence > 0.8...

Selected Reviews Summary:
Topic F: 95,080 reviews selected
Topic US: 37,622 reviews selected
Topic SE: 9,425 reviews selected
Topic PO: 1,501 reviews selected
Topic A: 1,397 reviews selected

High-confidence pseudo-labeled reviews saved to ../datasets/selected_pseudo_labeled_reviews.csv
Sample of saved data:
   original_index  ...                                               text
0               4  ...  excellent course training provided detailed ea...
1              16  ...  course easy enough basic background wireless e...

[2 rows x 4 columns]
